In file included from [01m[K/home/pilaciv/Workspaces/abb_irb140_ws/src/planning/src/server.cpp:1[m[K:
[01m[K/home/pilaciv/Workspaces/abb_irb140_ws/src/planning/include/planning.h:37:10:[m[K [01;31m[Kfatal error: [m[Kmoveit_cpp.h: No such file or directory
   37 | #include [01;31m[K<moveit_cpp.h>[m[K
      |          [01;31m[K^~~~~~~~~~~~~~[m[K
compilation terminated.
make[2]: *** [CMakeFiles/server.dir/build.make:63: CMakeFiles/server.dir/src/server.cpp.o] Error 1
make[2]: *** Waiting for unfinished jobs....
In file included from [01m[K/home/pilaciv/Workspaces/abb_irb140_ws/src/planning/src/planning.cpp:1[m[K:
[01m[K/home/pilaciv/Workspaces/abb_irb140_ws/src/planning/include/planning.h:37:10:[m[K [01;31m[Kfatal error: [m[Kmoveit_cpp.h: No such file or directory
   37 | #include [01;31m[K<moveit_cpp.h>[m[K
      |          [01;31m[K^~~~~~~~~~~~~~[m[K
compilation terminated.
In file included from [01m[K/home/pilaciv/Workspaces/abb_irb140_ws/src/planning/src/planning.cpp:1[m[K:
[01m[K/home/pilaciv/Workspaces/abb_irb140_ws/src/planning/include/planning.h:37:10:[m[K [01;31m[Kfatal error: [m[Kmoveit_cpp.h: No such file or directory
   37 | #include [01;31m[K<moveit_cpp.h>[m[K
      |          [01;31m[K^~~~~~~~~~~~~~[m[K
compilation terminated.
make[2]: *** [CMakeFiles/server.dir/build.make:76: CMakeFiles/server.dir/src/planning.cpp.o] Error 1
make[1]: *** [CMakeFiles/Makefile2:1203: CMakeFiles/server.dir/all] Error 2
make[1]: *** Waiting for unfinished jobs....
make[2]: *** [CMakeFiles/run.dir/build.make:76: CMakeFiles/run.dir/src/planning.cpp.o] Error 1
make[2]: *** Waiting for unfinished jobs....
In file included from [01m[K/home/pilaciv/Workspaces/abb_irb140_ws/src/planning/src/scan.cpp:1[m[K:
[01m[K/home/pilaciv/Workspaces/abb_irb140_ws/src/planning/include/planning.h:37:10:[m[K [01;31m[Kfatal error: [m[Kmoveit_cpp.h: No such file or directory
   37 | #include [01;31m[K<moveit_cpp.h>[m[K
      |          [01;31m[K^~~~~~~~~~~~~~[m[K
compilation terminated.
make[2]: *** [CMakeFiles/scan.dir/build.make:63: CMakeFiles/scan.dir/src/scan.cpp.o] Error 1
make[1]: *** [CMakeFiles/Makefile2:713: CMakeFiles/scan.dir/all] Error 2
In file included from [01m[K/home/pilaciv/Workspaces/abb_irb140_ws/src/planning/src/run.cpp:1[m[K:
[01m[K/home/pilaciv/Workspaces/abb_irb140_ws/src/planning/include/planning.h:37:10:[m[K [01;31m[Kfatal error: [m[Kmoveit_cpp.h: No such file or directory
   37 | #include [01;31m[K<moveit_cpp.h>[m[K
      |          [01;31m[K^~~~~~~~~~~~~~[m[K
compilation terminated.
make[2]: *** [CMakeFiles/run.dir/build.make:63: CMakeFiles/run.dir/src/run.cpp.o] Error 1
make[1]: *** [CMakeFiles/Makefile2:2096: CMakeFiles/run.dir/all] Error 2
make: *** [Makefile:141: all] Error 2
