[01m[K/home/pilaciv/Workspaces/abb_irb140_ws/src/planning/src/planning.cpp:[m[K In member function â€˜[01m[Kvoid my_planning::MyPlanningClass::setQuaternion()[m[Kâ€™:
[01m[K/home/pilaciv/Workspaces/abb_irb140_ws/src/planning/src/planning.cpp:32:46:[m[K [01;31m[Kerror: [m[Kâ€˜[01m[KunitZ[m[Kâ€™ was not declared in this scope; did you mean â€˜[01m[KunitX[m[Kâ€™?
   32 |                 quaternion.setFromTwoVectors([01;31m[KunitZ[m[K, vector);
      |                                              [01;31m[K^~~~~[m[K
      |                                              [32m[KunitX[m[K
[01m[K/home/pilaciv/Workspaces/abb_irb140_ws/src/planning/src/planning.cpp:[m[K In member function â€˜[01m[Kvoid my_planning::MyPlanningClass::setQuaternion()[m[Kâ€™:
[01m[K/home/pilaciv/Workspaces/abb_irb140_ws/src/planning/src/planning.cpp:32:46:[m[K [01;31m[Kerror: [m[Kâ€˜[01m[KunitZ[m[Kâ€™ was not declared in this scope; did you mean â€˜[01m[KunitX[m[Kâ€™?
   32 |                 quaternion.setFromTwoVectors([01;31m[KunitZ[m[K, vector);
      |                                              [01;31m[K^~~~~[m[K
      |                                              [32m[KunitX[m[K
make[2]: *** [CMakeFiles/run.dir/build.make:76: CMakeFiles/run.dir/src/planning.cpp.o] Error 1
make[1]: *** [CMakeFiles/Makefile2:2096: CMakeFiles/run.dir/all] Error 2
make[1]: *** Waiting for unfinished jobs....
make[2]: *** [CMakeFiles/server.dir/build.make:76: CMakeFiles/server.dir/src/planning.cpp.o] Error 1
make[1]: *** [CMakeFiles/Makefile2:1203: CMakeFiles/server.dir/all] Error 2
make: *** [Makefile:141: all] Error 2
